(14 Dec 2015 15:51:35)-[DEBUG]: Starting modify script
(14 Dec 2015 15:51:35)-[DEBUG]: Synchronizing database
(14 Dec 2015 15:51:35)-[DEBUG]: Agent interface type: peer
(14 Dec 2015 15:51:35)-[DEBUG]: Agent login context: from-queue
(14 Dec 2015 15:51:35)-[DEBUG]: Starting REST connection to http://localhost:58080/communication_manager/api/resource/
(14 Dec 2015 15:51:35)-[DEBUG]: Checking core server default
(14 Dec 2015 15:51:35)-[ERROR]: Failed to check for core server
exception 'CXPest_UnknownResponse' in /usr/src/freepbx/cxpanel/lib/CXPest.php:301
Stack trace:
#0 /usr/src/freepbx/cxpanel/lib/CXPest.php(238): CXPest->checkLastResponseForError()
#1 /usr/src/freepbx/cxpanel/lib/CXPest.php(65): CXPest->doRequest(Resource id #327)
#2 /usr/src/freepbx/cxpanel/modify.php(302): CXPest->get('server/coreServ...')
#3 /usr/src/freepbx/cxpanel/modify.php(116): check_core_server()
#4 {main}
(14 Dec 2015 15:51:35)-[DEBUG]: Looking up core server id for slug default
(14 Dec 2015 15:51:35)-[ERROR]: Failed to lookup core server id
exception 'CXPest_UnknownResponse' in /usr/src/freepbx/cxpanel/lib/CXPest.php:301
Stack trace:
#0 /usr/src/freepbx/cxpanel/lib/CXPest.php(238): CXPest->checkLastResponseForError()
#1 /usr/src/freepbx/cxpanel/lib/CXPest.php(65): CXPest->doRequest(Resource id #328)
#2 /usr/src/freepbx/cxpanel/modify.php(280): CXPest->get('server/coreServ...')
#3 /usr/src/freepbx/cxpanel/modify.php(119): get_core_server_id()
#4 {main}
